<?xml version="1.0" encoding="UTF-8"?>
<!-- Generated by org.testng.reporters.JUnitXMLReporter -->
<testsuite ignored="0" hostname="Amits-MacBook-Pro.local" failures="2" tests="2" name="Cucumber Tests" time="15.72" errors="0" timestamp="2025-04-12T09:09:10 IST">
  <testcase classname="io.cucumber.testng.AbstractTestNGCucumberTests" name="runScenario" time="8.849">
    <failure type="io.cucumber.testng.UndefinedStepException" message="The step &amp;apos;user logs in with username &amp;quot;amitmohanta&amp;quot; and password &amp;quot;Pass@123&amp;quot; using status &amp;quot;valid&amp;quot;&amp;apos; and 1 other step(s) are undefined.
You can implement these steps using the snippet(s) below:

@When(&amp;quot;user logs in with username {string} and password {string} using status {string}&amp;quot;)
public void user_logs_in_with_username_and_password_using_status(String string, String string2, String string3) {
    // Write code here that turns the phrase above into concrete actions
    throw new io.cucumber.java.PendingException();
}
@Then(&amp;quot;user should land on homepage if input status is valid&amp;quot;)
public void user_should_land_on_homepage_if_input_status_is_valid() {
    // Write code here that turns the phrase above into concrete actions
    throw new io.cucumber.java.PendingException();
}
">
      <![CDATA[io.cucumber.testng.UndefinedStepException: The step 'user logs in with username "amitmohanta" and password "Pass@123" using status "valid"' and 1 other step(s) are undefined.
You can implement these steps using the snippet(s) below:

@When("user logs in with username {string} and password {string} using status {string}")
public void user_logs_in_with_username_and_password_using_status(String string, String string2, String string3) {
    // Write code here that turns the phrase above into concrete actions
    throw new io.cucumber.java.PendingException();
}
@Then("user should land on homepage if input status is valid")
public void user_should_land_on_homepage_if_input_status_is_valid() {
    // Write code here that turns the phrase above into concrete actions
    throw new io.cucumber.java.PendingException();
}

at io.cucumber.core.runtime.TestCaseResultObserver.assertTestCasePassed(TestCaseResultObserver.java:69)
at io.cucumber.testng.TestCaseResultObserver.assertTestCasePassed(TestCaseResultObserver.java:23)
at io.cucumber.testng.TestNGCucumberRunner.lambda$runScenario$1(TestNGCucumberRunner.java:133)
at io.cucumber.core.runtime.CucumberExecutionContext.lambda$runTestCase$5(CucumberExecutionContext.java:137)
at io.cucumber.core.runtime.RethrowingThrowableCollector.executeAndThrow(RethrowingThrowableCollector.java:23)
at io.cucumber.core.runtime.CucumberExecutionContext.runTestCase(CucumberExecutionContext.java:137)
at io.cucumber.testng.TestNGCucumberRunner.runScenario(TestNGCucumberRunner.java:129)
at io.cucumber.testng.AbstractTestNGCucumberTests.runScenario(AbstractTestNGCucumberTests.java:35)
at java.base/java.util.ArrayList.forEach(ArrayList.java:1597)
... Removed 25 stack frames]]>
    </failure>
  </testcase> <!-- runScenario -->
  <testcase classname="io.cucumber.testng.AbstractTestNGCucumberTests" name="runScenario" time="6.58">
    <failure type="io.cucumber.testng.UndefinedStepException" message="The step &amp;apos;user logs in with username &amp;quot;ama.&amp;quot; and password &amp;quot;Test@123&amp;quot; using status &amp;quot;invalid&amp;quot;&amp;apos; and 1 other step(s) are undefined.
You can implement these steps using the snippet(s) below:

@When(&amp;quot;user logs in with username {string} and password {string} using status {string}&amp;quot;)
public void user_logs_in_with_username_and_password_using_status(String string, String string2, String string3) {
    // Write code here that turns the phrase above into concrete actions
    throw new io.cucumber.java.PendingException();
}
@Then(&amp;quot;user should see login error message if input status is invalid&amp;quot;)
public void user_should_see_login_error_message_if_input_status_is_invalid() {
    // Write code here that turns the phrase above into concrete actions
    throw new io.cucumber.java.PendingException();
}
">
      <![CDATA[io.cucumber.testng.UndefinedStepException: The step 'user logs in with username "ama." and password "Test@123" using status "invalid"' and 1 other step(s) are undefined.
You can implement these steps using the snippet(s) below:

@When("user logs in with username {string} and password {string} using status {string}")
public void user_logs_in_with_username_and_password_using_status(String string, String string2, String string3) {
    // Write code here that turns the phrase above into concrete actions
    throw new io.cucumber.java.PendingException();
}
@Then("user should see login error message if input status is invalid")
public void user_should_see_login_error_message_if_input_status_is_invalid() {
    // Write code here that turns the phrase above into concrete actions
    throw new io.cucumber.java.PendingException();
}

at io.cucumber.core.runtime.TestCaseResultObserver.assertTestCasePassed(TestCaseResultObserver.java:69)
at io.cucumber.testng.TestCaseResultObserver.assertTestCasePassed(TestCaseResultObserver.java:23)
at io.cucumber.testng.TestNGCucumberRunner.lambda$runScenario$1(TestNGCucumberRunner.java:133)
at io.cucumber.core.runtime.CucumberExecutionContext.lambda$runTestCase$5(CucumberExecutionContext.java:137)
at io.cucumber.core.runtime.RethrowingThrowableCollector.executeAndThrow(RethrowingThrowableCollector.java:23)
at io.cucumber.core.runtime.CucumberExecutionContext.runTestCase(CucumberExecutionContext.java:137)
at io.cucumber.testng.TestNGCucumberRunner.runScenario(TestNGCucumberRunner.java:129)
at io.cucumber.testng.AbstractTestNGCucumberTests.runScenario(AbstractTestNGCucumberTests.java:35)
at java.base/java.util.ArrayList.forEach(ArrayList.java:1597)
... Removed 25 stack frames]]>
    </failure>
  </testcase> <!-- runScenario -->
</testsuite> <!-- Cucumber Tests -->
